Connecting to database specified by database.yml
Connecting to database specified by database.yml
Connecting to database specified by database.yml
Compiled empty.js  (0ms)  (pid 68771)
Compiled jquery.js  (29ms)  (pid 68771)
Compiled jquery.spinner.js  (0ms)  (pid 68771)
Compiled jquery_ujs.js  (0ms)  (pid 68771)
Compiled jquery-ui.js  (2ms)  (pid 68771)
Compiled twitter/bootstrap/bootstrap-transition.js  (0ms)  (pid 68771)
Compiled twitter/bootstrap/bootstrap-alert.js  (0ms)  (pid 68771)
Compiled twitter/bootstrap/bootstrap-modal.js  (0ms)  (pid 68771)
Compiled twitter/bootstrap/bootstrap-dropdown.js  (0ms)  (pid 68771)
Compiled twitter/bootstrap/bootstrap-scrollspy.js  (0ms)  (pid 68771)
Compiled twitter/bootstrap/bootstrap-tab.js  (0ms)  (pid 68771)
Compiled twitter/bootstrap/bootstrap-tooltip.js  (0ms)  (pid 68771)
Compiled twitter/bootstrap/bootstrap-popover.js  (0ms)  (pid 68771)
Compiled twitter/bootstrap/bootstrap-button.js  (0ms)  (pid 68771)
Compiled twitter/bootstrap/bootstrap-collapse.js  (0ms)  (pid 68771)
Compiled twitter/bootstrap/bootstrap-carousel.js  (0ms)  (pid 68771)
Compiled twitter/bootstrap/bootstrap-typeahead.js  (0ms)  (pid 68771)
Compiled twitter/bootstrap.js  (73ms)  (pid 68771)
Compiled daterangepicker.jQuery.js  (0ms)  (pid 68771)
Compiled highcharts.js  (0ms)  (pid 68771)
Compiled custom.js  (0ms)  (pid 68771)
Compiled application.js  (166ms)  (pid 68771)
Compiled bootstrap-1.0.0.min.css  (0ms)  (pid 68771)
Compiled doc.css  (0ms)  (pid 68771)
Compiled form.css  (0ms)  (pid 68771)
Compiled sass/doc.css  (62ms)  (pid 68771)
Compiled sass/form.css  (7ms)  (pid 68771)
Compiled sass/spinner.css  (1ms)  (pid 68771)
Compiled sass/ui.accordion.dateragepicker.css  (5ms)  (pid 68771)
Compiled sass/ui.core.daterangepicker.css  (9ms)  (pid 68771)
Compiled sass/ui.datepicker.css  (31ms)  (pid 68771)
Compiled sass/ui.daterangepicker.css  (22ms)  (pid 68771)
Compiled sass/ui.slider.daterangepicker.css  (8ms)  (pid 68771)
WARNING on line 61 of /users/bradreid/code/cm_new/app/assets/stylesheets/sass/ui.theme.daterangepicker.sass:
This selector doesn't have any properties and will not be rendered.
Compiled sass/ui.theme.daterangepicker.css  (159ms)  (pid 68771)
Compiled spinner.css  (0ms)  (pid 68771)
Compiled ui.accordion.dateragepicker.css  (0ms)  (pid 68771)
Compiled ui.core.daterangepicker.css  (0ms)  (pid 68771)
Compiled ui.datepicker.css  (0ms)  (pid 68771)
Compiled ui.daterangepicker.css  (0ms)  (pid 68771)
Compiled ui.slider.daterangepicker.css  (0ms)  (pid 68771)
Compiled ui.theme.daterangepicker.css  (0ms)  (pid 68771)
Compiled application.css  (377ms)  (pid 68771)
Connecting to database specified by database.yml
Connecting to database specified by database.yml
Compiled empty.js  (0ms)  (pid 69941)
Compiled jquery.js  (29ms)  (pid 69941)
Compiled jquery.spinner.js  (0ms)  (pid 69941)
Compiled jquery_ujs.js  (0ms)  (pid 69941)
Compiled jquery-ui.js  (2ms)  (pid 69941)
Compiled twitter/bootstrap/bootstrap-transition.js  (0ms)  (pid 69941)
Compiled twitter/bootstrap/bootstrap-alert.js  (0ms)  (pid 69941)
Compiled twitter/bootstrap/bootstrap-modal.js  (0ms)  (pid 69941)
Compiled twitter/bootstrap/bootstrap-dropdown.js  (0ms)  (pid 69941)
Compiled twitter/bootstrap/bootstrap-scrollspy.js  (0ms)  (pid 69941)
Compiled twitter/bootstrap/bootstrap-tab.js  (0ms)  (pid 69941)
Compiled twitter/bootstrap/bootstrap-tooltip.js  (0ms)  (pid 69941)
Compiled twitter/bootstrap/bootstrap-popover.js  (0ms)  (pid 69941)
Compiled twitter/bootstrap/bootstrap-button.js  (0ms)  (pid 69941)
Compiled twitter/bootstrap/bootstrap-collapse.js  (0ms)  (pid 69941)
Compiled twitter/bootstrap/bootstrap-carousel.js  (0ms)  (pid 69941)
Compiled twitter/bootstrap/bootstrap-typeahead.js  (0ms)  (pid 69941)
Compiled twitter/bootstrap.js  (73ms)  (pid 69941)
Compiled daterangepicker.jQuery.js  (0ms)  (pid 69941)
Compiled highcharts.js  (0ms)  (pid 69941)
Compiled custom.js  (0ms)  (pid 69941)
Compiled application.js  (205ms)  (pid 69941)
Compiled bootstrap_include_and_overrides.css  (8ms)  (pid 69941)
Compiled doc.css  (0ms)  (pid 69941)
Compiled form.css  (0ms)  (pid 69941)
Compiled sass/doc.css  (86ms)  (pid 69941)
Compiled sass/form.css  (8ms)  (pid 69941)
Compiled sass/spinner.css  (2ms)  (pid 69941)
Compiled sass/ui.accordion.dateragepicker.css  (5ms)  (pid 69941)
Compiled sass/ui.core.daterangepicker.css  (9ms)  (pid 69941)
Compiled sass/ui.datepicker.css  (32ms)  (pid 69941)
Compiled sass/ui.daterangepicker.css  (23ms)  (pid 69941)
Compiled sass/ui.slider.daterangepicker.css  (9ms)  (pid 69941)
WARNING on line 61 of /users/bradreid/code/cm_new/app/assets/stylesheets/sass/ui.theme.daterangepicker.sass:
This selector doesn't have any properties and will not be rendered.
Compiled sass/ui.theme.daterangepicker.css  (165ms)  (pid 69941)
Compiled spinner.css  (0ms)  (pid 69941)
Compiled ui.accordion.dateragepicker.css  (0ms)  (pid 69941)
Compiled ui.core.daterangepicker.css  (0ms)  (pid 69941)
Compiled ui.datepicker.css  (0ms)  (pid 69941)
Compiled ui.daterangepicker.css  (0ms)  (pid 69941)
Compiled ui.slider.daterangepicker.css  (0ms)  (pid 69941)
Compiled ui.theme.daterangepicker.css  (0ms)  (pid 69941)
Compiled application.css  (436ms)  (pid 69941)
